<?xml version="1.0" encoding="UTF-8"?>
<!-- Generated by org.testng.reporters.JUnitReportReporter -->
<testsuite hostname="BHAVNAWKS625" failures="0" tests="1" name="com.TimeSheet.TestRunner.TestRunner2" time="25.716" errors="0" timestamp="17 May 2024 08:18:26 GMT" skipped="0">
  <testcase classname="com.TimeSheet.TestRunner.TestRunner2" name="runScenario" time="25.716"/>
</testsuite> <!-- com.TimeSheet.TestRunner.TestRunner2 -->
