<?xml version="1.0" encoding="UTF-8"?>
<!-- Generated by org.testng.reporters.JUnitReportReporter -->
<testsuite hostname="BHAVNAWKS625" failures="0" tests="1" name="com.TimeSheet.TestRunner.TestRunner" time="32.521" errors="0" timestamp="17 May 2024 08:18:26 GMT" skipped="0">
  <testcase classname="com.TimeSheet.TestRunner.TestRunner" name="runScenario" time="32.521"/>
</testsuite> <!-- com.TimeSheet.TestRunner.TestRunner -->
