<?xml version="1.0" encoding="UTF-8"?>
<!-- Generated by org.testng.reporters.JUnitReportReporter -->
<testsuite hostname="BHAVNAWKS625" failures="0" tests="21" name="com.TimeSheet.TestRunner.TestngRunner" time="1162.462" errors="0" timestamp="22 Jul 2024 11:09:10 GMT" skipped="0">
  <testcase classname="com.TimeSheet.TestRunner.TestngRunner" name="runScenario" time="100.849"/>
  <testcase classname="com.TimeSheet.TestRunner.TestngRunner" name="runScenario" time="33.079"/>
  <testcase classname="com.TimeSheet.TestRunner.TestngRunner" name="runScenario" time="36.653"/>
  <testcase classname="com.TimeSheet.TestRunner.TestngRunner" name="runScenario" time="32.018"/>
  <testcase classname="com.TimeSheet.TestRunner.TestngRunner" name="runScenario" time="28.540"/>
  <testcase classname="com.TimeSheet.TestRunner.TestngRunner" name="runScenario" time="43.637"/>
  <testcase classname="com.TimeSheet.TestRunner.TestngRunner" name="runScenario" time="27.953"/>
  <testcase classname="com.TimeSheet.TestRunner.TestngRunner" name="runScenario" time="41.967"/>
  <testcase classname="com.TimeSheet.TestRunner.TestngRunner" name="runScenario" time="42.468"/>
  <testcase classname="com.TimeSheet.TestRunner.TestngRunner" name="runScenario" time="43.582"/>
  <testcase classname="com.TimeSheet.TestRunner.TestngRunner" name="runScenario" time="30.493"/>
  <testcase classname="com.TimeSheet.TestRunner.TestngRunner" name="runScenario" time="107.579"/>
  <testcase classname="com.TimeSheet.TestRunner.TestngRunner" name="runScenario" time="98.619"/>
  <testcase classname="com.TimeSheet.TestRunner.TestngRunner" name="runScenario" time="43.786"/>
  <testcase classname="com.TimeSheet.TestRunner.TestngRunner" name="runScenario" time="21.277"/>
  <testcase classname="com.TimeSheet.TestRunner.TestngRunner" name="runScenario" time="107.358"/>
  <testcase classname="com.TimeSheet.TestRunner.TestngRunner" name="runScenario" time="23.207"/>
  <testcase classname="com.TimeSheet.TestRunner.TestngRunner" name="runScenario" time="56.975"/>
  <testcase classname="com.TimeSheet.TestRunner.TestngRunner" name="runScenario" time="35.190"/>
  <testcase classname="com.TimeSheet.TestRunner.TestngRunner" name="runScenario" time="108.533"/>
  <testcase classname="com.TimeSheet.TestRunner.TestngRunner" name="runScenario" time="98.699"/>
</testsuite> <!-- com.TimeSheet.TestRunner.TestngRunner -->
