<?xml version="1.0" encoding="UTF-8"?>
<!-- Generated by org.testng.reporters.JUnitReportReporter -->
<testsuite hostname="BHAVNAWKS625" failures="0" tests="4" name="com.TimeSheet.TestRunner.TestNGTestRunner" time="93.088" errors="0" timestamp="28 May 2024 10:44:50 GMT" skipped="0">
  <testcase classname="com.TimeSheet.TestRunner.TestNGTestRunner" name="runScenario" time="24.119"/>
  <testcase classname="com.TimeSheet.TestRunner.TestNGTestRunner" name="runScenario" time="25.545"/>
  <testcase classname="com.TimeSheet.TestRunner.TestNGTestRunner" name="runScenario" time="21.327"/>
  <testcase classname="com.TimeSheet.TestRunner.TestNGTestRunner" name="runScenario" time="22.097"/>
</testsuite> <!-- com.TimeSheet.TestRunner.TestNGTestRunner -->
