<?xml version="1.0" encoding="UTF-8"?>
<!-- Generated by org.testng.reporters.JUnitReportReporter -->
<testsuite hostname="BHAVNAWKS573" failures="0" tests="13" name="com.TimeSheet.TestRunner.TestngRunner" time="1072.294" errors="0" timestamp="2024-09-06T16:09:19 IST" skipped="0">
  <testcase classname="com.TimeSheet.TestRunner.TestngRunner" name="runScenario" time="61.031"/>
  <system-out/>
  <testcase classname="com.TimeSheet.TestRunner.TestngRunner" name="runScenario" time="81.020"/>
  <system-out/>
  <testcase classname="com.TimeSheet.TestRunner.TestngRunner" name="runScenario" time="92.039"/>
  <system-out/>
  <testcase classname="com.TimeSheet.TestRunner.TestngRunner" name="runScenario" time="226.739"/>
  <system-out/>
  <testcase classname="com.TimeSheet.TestRunner.TestngRunner" name="runScenario" time="29.128"/>
  <system-out/>
  <testcase classname="com.TimeSheet.TestRunner.TestngRunner" name="runScenario" time="108.841"/>
  <system-out/>
  <testcase classname="com.TimeSheet.TestRunner.TestngRunner" name="runScenario" time="32.094"/>
  <system-out/>
  <testcase classname="com.TimeSheet.TestRunner.TestngRunner" name="runScenario" time="43.198"/>
  <system-out/>
  <testcase classname="com.TimeSheet.TestRunner.TestngRunner" name="runScenario" time="32.680"/>
  <system-out/>
  <testcase classname="com.TimeSheet.TestRunner.TestngRunner" name="runScenario" time="37.142"/>
  <system-out/>
  <testcase classname="com.TimeSheet.TestRunner.TestngRunner" name="runScenario" time="239.306"/>
  <system-out/>
  <testcase classname="com.TimeSheet.TestRunner.TestngRunner" name="runScenario" time="36.997"/>
  <system-out/>
  <testcase classname="com.TimeSheet.TestRunner.TestngRunner" name="runScenario" time="52.079"/>
  <system-out/>
</testsuite> <!-- com.TimeSheet.TestRunner.TestngRunner -->
