<?xml version="1.0" encoding="UTF-8"?>
<!-- Generated by org.testng.reporters.JUnitReportReporter -->
<testsuite hostname="BHAVNAWKS478" failures="0" tests="1" name="com.TimeSheet.TestRunner.TestngRunner" time="107.927" errors="0" timestamp="2024-08-21T19:11:25 IST" skipped="0">
  <testcase classname="com.TimeSheet.TestRunner.TestngRunner" name="runScenario" time="107.927"/>
  <system-out/>
</testsuite> <!-- com.TimeSheet.TestRunner.TestngRunner -->
